Determining if the pthread_create exist failed with the following output:
Change Dir: /home/sunho/bebop_ws/build/CMakeFiles/CMakeTmp

Run Build Command:/usr/bin/make "cmTryCompileExec2746024709/fast"
/usr/bin/make -f CMakeFiles/cmTryCompileExec2746024709.dir/build.make CMakeFiles/cmTryCompileExec2746024709.dir/build
make[1]: Entering directory `/home/sunho/bebop_ws/build/CMakeFiles/CMakeTmp'
/usr/bin/cmake -E cmake_progress_report /home/sunho/bebop_ws/build/CMakeFiles/CMakeTmp/CMakeFiles 1
Building C object CMakeFiles/cmTryCompileExec2746024709.dir/CheckSymbolExists.c.o
/usr/bin/cc    -o CMakeFiles/cmTryCompileExec2746024709.dir/CheckSymbolExists.c.o   -c /home/sunho/bebop_ws/build/CMakeFiles/CMakeTmp/CheckSymbolExists.c
Linking C executable cmTryCompileExec2746024709
/usr/bin/cmake -E cmake_link_script CMakeFiles/cmTryCompileExec2746024709.dir/link.txt --verbose=1
/usr/bin/cc       CMakeFiles/cmTryCompileExec2746024709.dir/CheckSymbolExists.c.o  -o cmTryCompileExec2746024709 -rdynamic 
CMakeFiles/cmTryCompileExec2746024709.dir/CheckSymbolExists.c.o: In function `main':
CheckSymbolExists.c:(.text+0x16): undefined reference to `pthread_create'
collect2: error: ld returned 1 exit status
make[1]: Leaving directory `/home/sunho/bebop_ws/build/CMakeFiles/CMakeTmp'
make[1]: *** [cmTryCompileExec2746024709] Error 1
make: *** [cmTryCompileExec2746024709/fast] Error 2

File /home/sunho/bebop_ws/build/CMakeFiles/CMakeTmp/CheckSymbolExists.c:
/* */
#include <pthread.h>

int main(int argc, char** argv)
{
  (void)argv;
#ifndef pthread_create
  return ((int*)(&pthread_create))[argc];
#else
  (void)argc;
  return 0;
#endif
}

Determining if the function pthread_create exists in the pthreads failed with the following output:
Change Dir: /home/sunho/bebop_ws/build/CMakeFiles/CMakeTmp

Run Build Command:/usr/bin/make "cmTryCompileExec617052636/fast"
/usr/bin/make -f CMakeFiles/cmTryCompileExec617052636.dir/build.make CMakeFiles/cmTryCompileExec617052636.dir/build
make[1]: Entering directory `/home/sunho/bebop_ws/build/CMakeFiles/CMakeTmp'
/usr/bin/cmake -E cmake_progress_report /home/sunho/bebop_ws/build/CMakeFiles/CMakeTmp/CMakeFiles 1
Building C object CMakeFiles/cmTryCompileExec617052636.dir/CheckFunctionExists.c.o
/usr/bin/cc   -DCHECK_FUNCTION_EXISTS=pthread_create   -o CMakeFiles/cmTryCompileExec617052636.dir/CheckFunctionExists.c.o   -c /usr/share/cmake-2.8/Modules/CheckFunctionExists.c
Linking C executable cmTryCompileExec617052636
/usr/bin/cmake -E cmake_link_script CMakeFiles/cmTryCompileExec617052636.dir/link.txt --verbose=1
/usr/bin/cc   -DCHECK_FUNCTION_EXISTS=pthread_create    CMakeFiles/cmTryCompileExec617052636.dir/CheckFunctionExists.c.o  -o cmTryCompileExec617052636 -rdynamic -lpthreads 
/usr/bin/ld: cannot find -lpthreads
collect2: error: ld returned 1 exit status
make[1]: *** [cmTryCompileExec617052636] Error 1
make[1]: Leaving directory `/home/sunho/bebop_ws/build/CMakeFiles/CMakeTmp'
make: *** [cmTryCompileExec617052636/fast] Error 2


