Determining if the pthread_create exist failed with the following output:
Change Dir: /home/sunho/bebop_ws/build/CMakeFiles/CMakeTmp

Run Build Command:/usr/bin/make "cmTryCompileExec386414984/fast"
/usr/bin/make -f CMakeFiles/cmTryCompileExec386414984.dir/build.make CMakeFiles/cmTryCompileExec386414984.dir/build
make[1]: Entering directory `/home/sunho/bebop_ws/build/CMakeFiles/CMakeTmp'
/usr/bin/cmake -E cmake_progress_report /home/sunho/bebop_ws/build/CMakeFiles/CMakeTmp/CMakeFiles 1
Building C object CMakeFiles/cmTryCompileExec386414984.dir/CheckSymbolExists.c.o
/usr/bin/cc    -o CMakeFiles/cmTryCompileExec386414984.dir/CheckSymbolExists.c.o   -c /home/sunho/bebop_ws/build/CMakeFiles/CMakeTmp/CheckSymbolExists.c
Linking C executable cmTryCompileExec386414984
/usr/bin/cmake -E cmake_link_script CMakeFiles/cmTryCompileExec386414984.dir/link.txt --verbose=1
/usr/bin/cc       CMakeFiles/cmTryCompileExec386414984.dir/CheckSymbolExists.c.o  -o cmTryCompileExec386414984 -rdynamic 
CMakeFiles/cmTryCompileExec386414984.dir/CheckSymbolExists.c.o: In function `main':
CheckSymbolExists.c:(.text+0x16): undefined reference to `pthread_create'
collect2: error: ld returned 1 exit status
make[1]: *** [cmTryCompileExec386414984] Error 1
make[1]: Leaving directory `/home/sunho/bebop_ws/build/CMakeFiles/CMakeTmp'
make: *** [cmTryCompileExec386414984/fast] Error 2

File /home/sunho/bebop_ws/build/CMakeFiles/CMakeTmp/CheckSymbolExists.c:
/* */
#include <pthread.h>

int main(int argc, char** argv)
{
  (void)argv;
#ifndef pthread_create
  return ((int*)(&pthread_create))[argc];
#else
  (void)argc;
  return 0;
#endif
}

Determining if the function pthread_create exists in the pthreads failed with the following output:
Change Dir: /home/sunho/bebop_ws/build/CMakeFiles/CMakeTmp

Run Build Command:/usr/bin/make "cmTryCompileExec792072978/fast"
/usr/bin/make -f CMakeFiles/cmTryCompileExec792072978.dir/build.make CMakeFiles/cmTryCompileExec792072978.dir/build
make[1]: Entering directory `/home/sunho/bebop_ws/build/CMakeFiles/CMakeTmp'
/usr/bin/cmake -E cmake_progress_report /home/sunho/bebop_ws/build/CMakeFiles/CMakeTmp/CMakeFiles 1
Building C object CMakeFiles/cmTryCompileExec792072978.dir/CheckFunctionExists.c.o
/usr/bin/cc   -DCHECK_FUNCTION_EXISTS=pthread_create   -o CMakeFiles/cmTryCompileExec792072978.dir/CheckFunctionExists.c.o   -c /usr/share/cmake-2.8/Modules/CheckFunctionExists.c
Linking C executable cmTryCompileExec792072978
/usr/bin/cmake -E cmake_link_script CMakeFiles/cmTryCompileExec792072978.dir/link.txt --verbose=1
/usr/bin/cc   -DCHECK_FUNCTION_EXISTS=pthread_create    CMakeFiles/cmTryCompileExec792072978.dir/CheckFunctionExists.c.o  -o cmTryCompileExec792072978 -rdynamic -lpthreads 
/usr/bin/ld: cannot find -lpthreads
collect2: error: ld returned 1 exit status
make[1]: *** [cmTryCompileExec792072978] Error 1
make[1]: Leaving directory `/home/sunho/bebop_ws/build/CMakeFiles/CMakeTmp'
make: *** [cmTryCompileExec792072978/fast] Error 2


