This file contains any messages produced by compilers while
running configure, to aid debugging if configure makes a mistake.

It was created by json-c configure 0.9, which was
generated by GNU Autoconf 2.63.  Invocation command line was

  $ /home/sunho/bebop_ws/devel/arsdk/out/arsdk-native/build/json/json-c-0.9/configure --prefix=/home/sunho/bebop_ws/devel/arsdk/out/arsdk-native/staging/usr --sysconfdir=/home/sunho/bebop_ws/devel/arsdk/out/arsdk-native/staging/etc ac_cv_prog_YACC= --disable-maintainer-mode --disable-nls --disable-gtk-doc --disable-gtk-doc-html --disable-doxygen-docs --disable-doc --disable-docs --disable-documentation --disable-option-checking --quiet --enable-silent-rules

## --------- ##
## Platform. ##
## --------- ##

hostname = sunho-pc
uname -m = x86_64
uname -r = 4.4.0-31-generic
uname -s = Linux
uname -v = #50~14.04.1-Ubuntu SMP Wed Jul 13 01:07:32 UTC 2016

/usr/bin/uname -p = unknown
/bin/uname -X     = unknown

/bin/arch              = unknown
/usr/bin/arch -k       = unknown
/usr/convex/getsysinfo = unknown
/usr/bin/hostinfo      = unknown
/bin/machine           = unknown
/usr/bin/oslevel       = unknown
/bin/universe          = unknown

PATH: /home/sunho/bebop_ws/devel/arsdk/out/arsdk-native/staging-host/bin
PATH: /home/sunho/bebop_ws/devel/arsdk/out/arsdk-native/staging-host/usr/bin
PATH: /opt/ros/indigo/bin
PATH: /usr/local/sbin
PATH: /usr/local/bin
PATH: /usr/sbin
PATH: /usr/bin
PATH: /sbin
PATH: /bin
PATH: /usr/games
PATH: /usr/local/games


## ----------- ##
## Core tests. ##
## ----------- ##

configure:2072: checking for a BSD-compatible install
configure:2140: result: /usr/bin/install -p
configure:2151: checking whether build environment is sane
configure:2194: result: yes
configure:2219: checking for a thread-safe mkdir -p
configure:2258: result: /bin/mkdir -p
configure:2271: checking for gawk
configure:2301: result: no
configure:2271: checking for mawk
configure:2287: found /usr/bin/mawk
configure:2298: result: mawk
configure:2309: checking whether make sets $(MAKE)
configure:2331: result: yes
configure:2535: checking for style of include used by make
configure:2563: result: GNU
configure:2633: checking for gcc
configure:2660: result:  cc
configure:2892: checking for C compiler version
configure:2900:  cc --version >&5
cc (Ubuntu 4.8.4-2ubuntu1~14.04.3) 4.8.4
Copyright (C) 2013 Free Software Foundation, Inc.
This is free software; see the source for copying conditions.  There is NO
warranty; not even for MERCHANTABILITY or FITNESS FOR A PARTICULAR PURPOSE.

configure:2904: $? = 0
configure:2911:  cc -v >&5
Using built-in specs.
COLLECT_GCC=cc
COLLECT_LTO_WRAPPER=/usr/lib/gcc/x86_64-linux-gnu/4.8/lto-wrapper
Target: x86_64-linux-gnu
Configured with: ../src/configure -v --with-pkgversion='Ubuntu 4.8.4-2ubuntu1~14.04.3' --with-bugurl=file:///usr/share/doc/gcc-4.8/README.Bugs --enable-languages=c,c++,java,go,d,fortran,objc,obj-c++ --prefix=/usr --program-suffix=-4.8 --enable-shared --enable-linker-build-id --libexecdir=/usr/lib --without-included-gettext --enable-threads=posix --with-gxx-include-dir=/usr/include/c++/4.8 --libdir=/usr/lib --enable-nls --with-sysroot=/ --enable-clocale=gnu --enable-libstdcxx-debug --enable-libstdcxx-time=yes --enable-gnu-unique-object --disable-libmudflap --enable-plugin --with-system-zlib --disable-browser-plugin --enable-java-awt=gtk --enable-gtk-cairo --with-java-home=/usr/lib/jvm/java-1.5.0-gcj-4.8-amd64/jre --enable-java-home --with-jvm-root-dir=/usr/lib/jvm/java-1.5.0-gcj-4.8-amd64 --with-jvm-jar-dir=/usr/lib/jvm-exports/java-1.5.0-gcj-4.8-amd64 --with-arch-directory=amd64 --with-ecj-jar=/usr/share/java/eclipse-ecj.jar --enable-objc-gc --enable-multiarch --disable-werror --with-arch-32=i686 --with-abi=m64 --with-multilib-list=m32,m64,mx32 --with-tune=generic --enable-checking=release --build=x86_64-linux-gnu --host=x86_64-linux-gnu --target=x86_64-linux-gnu
Thread model: posix
gcc version 4.8.4 (Ubuntu 4.8.4-2ubuntu1~14.04.3) 
configure:2915: $? = 0
configure:2922:  cc -V >&5
cc: error: unrecognized command line option '-V'
cc: fatal error: no input files
compilation terminated.
configure:2926: $? = 4
configure:2949: checking for C compiler default output file name
configure:2971:  cc -isystem/home/sunho/bebop_ws/devel/arsdk/out/arsdk-native/staging/usr/include/x86_64-linux-gnu -isystem/home/sunho/bebop_ws/devel/arsdk/out/arsdk-native/staging/usr/include -std=gnu99 -pipe -g -O2 -fno-short-enums -ffunction-sections -DALCHEMY_BUILD -m64 -fPIC -msse -msse2 -mssse3  -isystem/home/sunho/bebop_ws/devel/arsdk/out/arsdk-native/staging/usr/include/x86_64-linux-gnu -isystem/home/sunho/bebop_ws/devel/arsdk/out/arsdk-native/staging/usr/include  -m64 -L/home/sunho/bebop_ws/devel/arsdk/out/arsdk-native/staging/lib/x86_64-linux-gnu -L/home/sunho/bebop_ws/devel/arsdk/out/arsdk-native/staging/lib -L/home/sunho/bebop_ws/devel/arsdk/out/arsdk-native/staging/usr/lib/x86_64-linux-gnu -L/home/sunho/bebop_ws/devel/arsdk/out/arsdk-native/staging/usr/lib -Wl,-rpath-link=/home/sunho/bebop_ws/devel/arsdk/out/arsdk-native/staging/lib/x86_64-linux-gnu -Wl,-rpath-link=/home/sunho/bebop_ws/devel/arsdk/out/arsdk-native/staging/lib -Wl,-rpath-link=/home/sunho/bebop_ws/devel/arsdk/out/arsdk-native/staging/usr/lib/x86_64-linux-gnu -Wl,-rpath-link=/home/sunho/bebop_ws/devel/arsdk/out/arsdk-native/staging/usr/lib  -pthread -lrt  conftest.c  >&5
configure:2975: $? = 0
configure:3013: result: a.out
configure:3032: checking whether the C compiler works
configure:3042: ./a.out
configure:3046: $? = 0
configure:3065: result: yes
configure:3072: checking whether we are cross compiling
configure:3074: result: no
configure:3077: checking for suffix of executables
configure:3084:  cc -o conftest -isystem/home/sunho/bebop_ws/devel/arsdk/out/arsdk-native/staging/usr/include/x86_64-linux-gnu -isystem/home/sunho/bebop_ws/devel/arsdk/out/arsdk-native/staging/usr/include -std=gnu99 -pipe -g -O2 -fno-short-enums -ffunction-sections -DALCHEMY_BUILD -m64 -fPIC -msse -msse2 -mssse3  -isystem/home/sunho/bebop_ws/devel/arsdk/out/arsdk-native/staging/usr/include/x86_64-linux-gnu -isystem/home/sunho/bebop_ws/devel/arsdk/out/arsdk-native/staging/usr/include  -m64 -L/home/sunho/bebop_ws/devel/arsdk/out/arsdk-native/staging/lib/x86_64-linux-gnu -L/home/sunho/bebop_ws/devel/arsdk/out/arsdk-native/staging/lib -L/home/sunho/bebop_ws/devel/arsdk/out/arsdk-native/staging/usr/lib/x86_64-linux-gnu -L/home/sunho/bebop_ws/devel/arsdk/out/arsdk-native/staging/usr/lib -Wl,-rpath-link=/home/sunho/bebop_ws/devel/arsdk/out/arsdk-native/staging/lib/x86_64-linux-gnu -Wl,-rpath-link=/home/sunho/bebop_ws/devel/arsdk/out/arsdk-native/staging/lib -Wl,-rpath-link=/home/sunho/bebop_ws/devel/arsdk/out/arsdk-native/staging/usr/lib/x86_64-linux-gnu -Wl,-rpath-link=/home/sunho/bebop_ws/devel/arsdk/out/arsdk-native/staging/usr/lib  -pthread -lrt  conftest.c  >&5
configure:3088: $? = 0
configure:3114: result: 
configure:3120: checking for suffix of object files
configure:3146:  cc -c -isystem/home/sunho/bebop_ws/devel/arsdk/out/arsdk-native/staging/usr/include/x86_64-linux-gnu -isystem/home/sunho/bebop_ws/devel/arsdk/out/arsdk-native/staging/usr/include -std=gnu99 -pipe -g -O2 -fno-short-enums -ffunction-sections -DALCHEMY_BUILD -m64 -fPIC -msse -msse2 -mssse3  -isystem/home/sunho/bebop_ws/devel/arsdk/out/arsdk-native/staging/usr/include/x86_64-linux-gnu -isystem/home/sunho/bebop_ws/devel/arsdk/out/arsdk-native/staging/usr/include conftest.c >&5
configure:3150: $? = 0
configure:3175: result: o
configure:3179: checking whether we are using the GNU C compiler
configure:3208:  cc -c -isystem/home/sunho/bebop_ws/devel/arsdk/out/arsdk-native/staging/usr/include/x86_64-linux-gnu -isystem/home/sunho/bebop_ws/devel/arsdk/out/arsdk-native/staging/usr/include -std=gnu99 -pipe -g -O2 -fno-short-enums -ffunction-sections -DALCHEMY_BUILD -m64 -fPIC -msse -msse2 -mssse3  -isystem/home/sunho/bebop_ws/devel/arsdk/out/arsdk-native/staging/usr/include/x86_64-linux-gnu -isystem/home/sunho/bebop_ws/devel/arsdk/out/arsdk-native/staging/usr/include conftest.c >&5
configure:3215: $? = 0
configure:3232: result: yes
configure:3241: checking whether  cc accepts -g
configure:3271:  cc -c -g -isystem/home/sunho/bebop_ws/devel/arsdk/out/arsdk-native/staging/usr/include/x86_64-linux-gnu -isystem/home/sunho/bebop_ws/devel/arsdk/out/arsdk-native/staging/usr/include conftest.c >&5
configure:3278: $? = 0
configure:3379: result: yes
configure:3396: checking for  cc option to accept ISO C89
configure:3470:  cc  -c -isystem/home/sunho/bebop_ws/devel/arsdk/out/arsdk-native/staging/usr/include/x86_64-linux-gnu -isystem/home/sunho/bebop_ws/devel/arsdk/out/arsdk-native/staging/usr/include -std=gnu99 -pipe -g -O2 -fno-short-enums -ffunction-sections -DALCHEMY_BUILD -m64 -fPIC -msse -msse2 -mssse3  -isystem/home/sunho/bebop_ws/devel/arsdk/out/arsdk-native/staging/usr/include/x86_64-linux-gnu -isystem/home/sunho/bebop_ws/devel/arsdk/out/arsdk-native/staging/usr/include conftest.c >&5
configure:3477: $? = 0
configure:3500: result: none needed
configure:3520: checking dependency style of  cc
configure:3611: result: gcc3
configure:3632: checking how to run the C preprocessor
configure:3750: result: cpp
configure:3779: cpp -isystem/home/sunho/bebop_ws/devel/arsdk/out/arsdk-native/staging/usr/include/x86_64-linux-gnu -isystem/home/sunho/bebop_ws/devel/arsdk/out/arsdk-native/staging/usr/include conftest.c
configure:3786: $? = 0
configure:3817: cpp -isystem/home/sunho/bebop_ws/devel/arsdk/out/arsdk-native/staging/usr/include/x86_64-linux-gnu -isystem/home/sunho/bebop_ws/devel/arsdk/out/arsdk-native/staging/usr/include conftest.c
conftest.c:10:28: fatal error: ac_nonexistent.h: No such file or directory
 #include <ac_nonexistent.h>
                            ^
compilation terminated.
configure:3824: $? = 1
configure: failed program was:
| /* confdefs.h.  */
| #define PACKAGE_NAME "json-c"
| #define PACKAGE_TARNAME "json-c"
| #define PACKAGE_VERSION "0.9"
| #define PACKAGE_STRING "json-c 0.9"
| #define PACKAGE_BUGREPORT "michael@metaparadigm.com"
| #define PACKAGE "json-c"
| #define VERSION "0.9"
| /* end confdefs.h.  */
| #include <ac_nonexistent.h>
configure:3864: checking for grep that handles long lines and -e
configure:3924: result: /bin/grep
configure:3929: checking for egrep
configure:3993: result: /bin/grep -E
configure:3998: checking for ANSI C header files
configure:4028:  cc -c -isystem/home/sunho/bebop_ws/devel/arsdk/out/arsdk-native/staging/usr/include/x86_64-linux-gnu -isystem/home/sunho/bebop_ws/devel/arsdk/out/arsdk-native/staging/usr/include -std=gnu99 -pipe -g -O2 -fno-short-enums -ffunction-sections -DALCHEMY_BUILD -m64 -fPIC -msse -msse2 -mssse3  -isystem/home/sunho/bebop_ws/devel/arsdk/out/arsdk-native/staging/usr/include/x86_64-linux-gnu -isystem/home/sunho/bebop_ws/devel/arsdk/out/arsdk-native/staging/usr/include conftest.c >&5
configure:4035: $? = 0
configure:4134:  cc -o conftest -isystem/home/sunho/bebop_ws/devel/arsdk/out/arsdk-native/staging/usr/include/x86_64-linux-gnu -isystem/home/sunho/bebop_ws/devel/arsdk/out/arsdk-native/staging/usr/include -std=gnu99 -pipe -g -O2 -fno-short-enums -ffunction-sections -DALCHEMY_BUILD -m64 -fPIC -msse -msse2 -mssse3  -isystem/home/sunho/bebop_ws/devel/arsdk/out/arsdk-native/staging/usr/include/x86_64-linux-gnu -isystem/home/sunho/bebop_ws/devel/arsdk/out/arsdk-native/staging/usr/include  -m64 -L/home/sunho/bebop_ws/devel/arsdk/out/arsdk-native/staging/lib/x86_64-linux-gnu -L/home/sunho/bebop_ws/devel/arsdk/out/arsdk-native/staging/lib -L/home/sunho/bebop_ws/devel/arsdk/out/arsdk-native/staging/usr/lib/x86_64-linux-gnu -L/home/sunho/bebop_ws/devel/arsdk/out/arsdk-native/staging/usr/lib -Wl,-rpath-link=/home/sunho/bebop_ws/devel/arsdk/out/arsdk-native/staging/lib/x86_64-linux-gnu -Wl,-rpath-link=/home/sunho/bebop_ws/devel/arsdk/out/arsdk-native/staging/lib -Wl,-rpath-link=/home/sunho/bebop_ws/devel/arsdk/out/arsdk-native/staging/usr/lib/x86_64-linux-gnu -Wl,-rpath-link=/home/sunho/bebop_ws/devel/arsdk/out/arsdk-native/staging/usr/lib  -pthread -lrt  conftest.c  >&5
configure:4138: $? = 0
configure:4144: ./conftest
configure:4148: $? = 0
configure:4166: result: yes
configure:4190: checking for sys/types.h
configure:4211:  cc -c -isystem/home/sunho/bebop_ws/devel/arsdk/out/arsdk-native/staging/usr/include/x86_64-linux-gnu -isystem/home/sunho/bebop_ws/devel/arsdk/out/arsdk-native/staging/usr/include -std=gnu99 -pipe -g -O2 -fno-short-enums -ffunction-sections -DALCHEMY_BUILD -m64 -fPIC -msse -msse2 -mssse3  -isystem/home/sunho/bebop_ws/devel/arsdk/out/arsdk-native/staging/usr/include/x86_64-linux-gnu -isystem/home/sunho/bebop_ws/devel/arsdk/out/arsdk-native/staging/usr/include conftest.c >&5
configure:4218: $? = 0
configure:4235: result: yes
configure:4190: checking for sys/stat.h
configure:4211:  cc -c -isystem/home/sunho/bebop_ws/devel/arsdk/out/arsdk-native/staging/usr/include/x86_64-linux-gnu -isystem/home/sunho/bebop_ws/devel/arsdk/out/arsdk-native/staging/usr/include -std=gnu99 -pipe -g -O2 -fno-short-enums -ffunction-sections -DALCHEMY_BUILD -m64 -fPIC -msse -msse2 -mssse3  -isystem/home/sunho/bebop_ws/devel/arsdk/out/arsdk-native/staging/usr/include/x86_64-linux-gnu -isystem/home/sunho/bebop_ws/devel/arsdk/out/arsdk-native/staging/usr/include conftest.c >&5
configure:4218: $? = 0
configure:4235: result: yes
configure:4190: checking for stdlib.h
configure:4211:  cc -c -isystem/home/sunho/bebop_ws/devel/arsdk/out/arsdk-native/staging/usr/include/x86_64-linux-gnu -isystem/home/sunho/bebop_ws/devel/arsdk/out/arsdk-native/staging/usr/include -std=gnu99 -pipe -g -O2 -fno-short-enums -ffunction-sections -DALCHEMY_BUILD -m64 -fPIC -msse -msse2 -mssse3  -isystem/home/sunho/bebop_ws/devel/arsdk/out/arsdk-native/staging/usr/include/x86_64-linux-gnu -isystem/home/sunho/bebop_ws/devel/arsdk/out/arsdk-native/staging/usr/include conftest.c >&5
configure:4218: $? = 0
configure:4235: result: yes
configure:4190: checking for string.h
configure:4211:  cc -c -isystem/home/sunho/bebop_ws/devel/arsdk/out/arsdk-native/staging/usr/include/x86_64-linux-gnu -isystem/home/sunho/bebop_ws/devel/arsdk/out/arsdk-native/staging/usr/include -std=gnu99 -pipe -g -O2 -fno-short-enums -ffunction-sections -DALCHEMY_BUILD -m64 -fPIC -msse -msse2 -mssse3  -isystem/home/sunho/bebop_ws/devel/arsdk/out/arsdk-native/staging/usr/include/x86_64-linux-gnu -isystem/home/sunho/bebop_ws/devel/arsdk/out/arsdk-native/staging/usr/include conftest.c >&5
configure:4218: $? = 0
configure:4235: result: yes
configure:4190: checking for memory.h
configure:4211:  cc -c -isystem/home/sunho/bebop_ws/devel/arsdk/out/arsdk-native/staging/usr/include/x86_64-linux-gnu -isystem/home/sunho/bebop_ws/devel/arsdk/out/arsdk-native/staging/usr/include -std=gnu99 -pipe -g -O2 -fno-short-enums -ffunction-sections -DALCHEMY_BUILD -m64 -fPIC -msse -msse2 -mssse3  -isystem/home/sunho/bebop_ws/devel/arsdk/out/arsdk-native/staging/usr/include/x86_64-linux-gnu -isystem/home/sunho/bebop_ws/devel/arsdk/out/arsdk-native/staging/usr/include conftest.c >&5
configure:4218: $? = 0
configure:4235: result: yes
configure:4190: checking for strings.h
configure:4211:  cc -c -isystem/home/sunho/bebop_ws/devel/arsdk/out/arsdk-native/staging/usr/include/x86_64-linux-gnu -isystem/home/sunho/bebop_ws/devel/arsdk/out/arsdk-native/staging/usr/include -std=gnu99 -pipe -g -O2 -fno-short-enums -ffunction-sections -DALCHEMY_BUILD -m64 -fPIC -msse -msse2 -mssse3  -isystem/home/sunho/bebop_ws/devel/arsdk/out/arsdk-native/staging/usr/include/x86_64-linux-gnu -isystem/home/sunho/bebop_ws/devel/arsdk/out/arsdk-native/staging/usr/include conftest.c >&5
configure:4218: $? = 0
configure:4235: result: yes
configure:4190: checking for inttypes.h
configure:4211:  cc -c -isystem/home/sunho/bebop_ws/devel/arsdk/out/arsdk-native/staging/usr/include/x86_64-linux-gnu -isystem/home/sunho/bebop_ws/devel/arsdk/out/arsdk-native/staging/usr/include -std=gnu99 -pipe -g -O2 -fno-short-enums -ffunction-sections -DALCHEMY_BUILD -m64 -fPIC -msse -msse2 -mssse3  -isystem/home/sunho/bebop_ws/devel/arsdk/out/arsdk-native/staging/usr/include/x86_64-linux-gnu -isystem/home/sunho/bebop_ws/devel/arsdk/out/arsdk-native/staging/usr/include conftest.c >&5
configure:4218: $? = 0
configure:4235: result: yes
configure:4190: checking for stdint.h
configure:4211:  cc -c -isystem/home/sunho/bebop_ws/devel/arsdk/out/arsdk-native/staging/usr/include/x86_64-linux-gnu -isystem/home/sunho/bebop_ws/devel/arsdk/out/arsdk-native/staging/usr/include -std=gnu99 -pipe -g -O2 -fno-short-enums -ffunction-sections -DALCHEMY_BUILD -m64 -fPIC -msse -msse2 -mssse3  -isystem/home/sunho/bebop_ws/devel/arsdk/out/arsdk-native/staging/usr/include/x86_64-linux-gnu -isystem/home/sunho/bebop_ws/devel/arsdk/out/arsdk-native/staging/usr/include conftest.c >&5
configure:4218: $? = 0
configure:4235: result: yes
configure:4190: checking for unistd.h
configure:4211:  cc -c -isystem/home/sunho/bebop_ws/devel/arsdk/out/arsdk-native/staging/usr/include/x86_64-linux-gnu -isystem/home/sunho/bebop_ws/devel/arsdk/out/arsdk-native/staging/usr/include -std=gnu99 -pipe -g -O2 -fno-short-enums -ffunction-sections -DALCHEMY_BUILD -m64 -fPIC -msse -msse2 -mssse3  -isystem/home/sunho/bebop_ws/devel/arsdk/out/arsdk-native/staging/usr/include/x86_64-linux-gnu -isystem/home/sunho/bebop_ws/devel/arsdk/out/arsdk-native/staging/usr/include conftest.c >&5
configure:4218: $? = 0
configure:4235: result: yes
configure:4271: checking fcntl.h usability
configure:4288:  cc -c -isystem/home/sunho/bebop_ws/devel/arsdk/out/arsdk-native/staging/usr/include/x86_64-linux-gnu -isystem/home/sunho/bebop_ws/devel/arsdk/out/arsdk-native/staging/usr/include -std=gnu99 -pipe -g -O2 -fno-short-enums -ffunction-sections -DALCHEMY_BUILD -m64 -fPIC -msse -msse2 -mssse3  -isystem/home/sunho/bebop_ws/devel/arsdk/out/arsdk-native/staging/usr/include/x86_64-linux-gnu -isystem/home/sunho/bebop_ws/devel/arsdk/out/arsdk-native/staging/usr/include conftest.c >&5
configure:4295: $? = 0
configure:4309: result: yes
configure:4313: checking fcntl.h presence
configure:4328: cpp -isystem/home/sunho/bebop_ws/devel/arsdk/out/arsdk-native/staging/usr/include/x86_64-linux-gnu -isystem/home/sunho/bebop_ws/devel/arsdk/out/arsdk-native/staging/usr/include conftest.c
configure:4335: $? = 0
configure:4349: result: yes
configure:4382: checking for fcntl.h
configure:4391: result: yes
configure:4271: checking limits.h usability
configure:4288:  cc -c -isystem/home/sunho/bebop_ws/devel/arsdk/out/arsdk-native/staging/usr/include/x86_64-linux-gnu -isystem/home/sunho/bebop_ws/devel/arsdk/out/arsdk-native/staging/usr/include -std=gnu99 -pipe -g -O2 -fno-short-enums -ffunction-sections -DALCHEMY_BUILD -m64 -fPIC -msse -msse2 -mssse3  -isystem/home/sunho/bebop_ws/devel/arsdk/out/arsdk-native/staging/usr/include/x86_64-linux-gnu -isystem/home/sunho/bebop_ws/devel/arsdk/out/arsdk-native/staging/usr/include conftest.c >&5
configure:4295: $? = 0
configure:4309: result: yes
configure:4313: checking limits.h presence
configure:4328: cpp -isystem/home/sunho/bebop_ws/devel/arsdk/out/arsdk-native/staging/usr/include/x86_64-linux-gnu -isystem/home/sunho/bebop_ws/devel/arsdk/out/arsdk-native/staging/usr/include conftest.c
configure:4335: $? = 0
configure:4349: result: yes
configure:4382: checking for limits.h
configure:4391: result: yes
configure:4260: checking for strings.h
configure:4267: result: yes
configure:4271: checking syslog.h usability
configure:4288:  cc -c -isystem/home/sunho/bebop_ws/devel/arsdk/out/arsdk-native/staging/usr/include/x86_64-linux-gnu -isystem/home/sunho/bebop_ws/devel/arsdk/out/arsdk-native/staging/usr/include -std=gnu99 -pipe -g -O2 -fno-short-enums -ffunction-sections -DALCHEMY_BUILD -m64 -fPIC -msse -msse2 -mssse3  -isystem/home/sunho/bebop_ws/devel/arsdk/out/arsdk-native/staging/usr/include/x86_64-linux-gnu -isystem/home/sunho/bebop_ws/devel/arsdk/out/arsdk-native/staging/usr/include conftest.c >&5
configure:4295: $? = 0
configure:4309: result: yes
configure:4313: checking syslog.h presence
configure:4328: cpp -isystem/home/sunho/bebop_ws/devel/arsdk/out/arsdk-native/staging/usr/include/x86_64-linux-gnu -isystem/home/sunho/bebop_ws/devel/arsdk/out/arsdk-native/staging/usr/include conftest.c
configure:4335: $? = 0
configure:4349: result: yes
configure:4382: checking for syslog.h
configure:4391: result: yes
configure:4260: checking for unistd.h
configure:4267: result: yes
configure:4271: checking sys/param.h usability
configure:4288:  cc -c -isystem/home/sunho/bebop_ws/devel/arsdk/out/arsdk-native/staging/usr/include/x86_64-linux-gnu -isystem/home/sunho/bebop_ws/devel/arsdk/out/arsdk-native/staging/usr/include -std=gnu99 -pipe -g -O2 -fno-short-enums -ffunction-sections -DALCHEMY_BUILD -m64 -fPIC -msse -msse2 -mssse3  -isystem/home/sunho/bebop_ws/devel/arsdk/out/arsdk-native/staging/usr/include/x86_64-linux-gnu -isystem/home/sunho/bebop_ws/devel/arsdk/out/arsdk-native/staging/usr/include conftest.c >&5
configure:4295: $? = 0
configure:4309: result: yes
configure:4313: checking sys/param.h presence
configure:4328: cpp -isystem/home/sunho/bebop_ws/devel/arsdk/out/arsdk-native/staging/usr/include/x86_64-linux-gnu -isystem/home/sunho/bebop_ws/devel/arsdk/out/arsdk-native/staging/usr/include conftest.c
configure:4335: $? = 0
configure:4349: result: yes
configure:4382: checking for sys/param.h
configure:4391: result: yes
configure:4271: checking stdarg.h usability
configure:4288:  cc -c -isystem/home/sunho/bebop_ws/devel/arsdk/out/arsdk-native/staging/usr/include/x86_64-linux-gnu -isystem/home/sunho/bebop_ws/devel/arsdk/out/arsdk-native/staging/usr/include -std=gnu99 -pipe -g -O2 -fno-short-enums -ffunction-sections -DALCHEMY_BUILD -m64 -fPIC -msse -msse2 -mssse3  -isystem/home/sunho/bebop_ws/devel/arsdk/out/arsdk-native/staging/usr/include/x86_64-linux-gnu -isystem/home/sunho/bebop_ws/devel/arsdk/out/arsdk-native/staging/usr/include conftest.c >&5
configure:4295: $? = 0
configure:4309: result: yes
configure:4313: checking stdarg.h presence
configure:4328: cpp -isystem/home/sunho/bebop_ws/devel/arsdk/out/arsdk-native/staging/usr/include/x86_64-linux-gnu -isystem/home/sunho/bebop_ws/devel/arsdk/out/arsdk-native/staging/usr/include conftest.c
configure:4335: $? = 0
configure:4349: result: yes
configure:4382: checking for stdarg.h
configure:4391: result: yes
configure:4407: checking whether to enable maintainer-specific portions of Makefiles
configure:4416: result: no
configure:4430: checking for an ANSI C-conforming const
configure:4505:  cc -c -isystem/home/sunho/bebop_ws/devel/arsdk/out/arsdk-native/staging/usr/include/x86_64-linux-gnu -isystem/home/sunho/bebop_ws/devel/arsdk/out/arsdk-native/staging/usr/include -std=gnu99 -pipe -g -O2 -fno-short-enums -ffunction-sections -DALCHEMY_BUILD -m64 -fPIC -msse -msse2 -mssse3  -isystem/home/sunho/bebop_ws/devel/arsdk/out/arsdk-native/staging/usr/include/x86_64-linux-gnu -isystem/home/sunho/bebop_ws/devel/arsdk/out/arsdk-native/staging/usr/include conftest.c >&5
configure:4512: $? = 0
configure:4527: result: yes
configure:4537: checking for size_t
configure:4565:  cc -c -isystem/home/sunho/bebop_ws/devel/arsdk/out/arsdk-native/staging/usr/include/x86_64-linux-gnu -isystem/home/sunho/bebop_ws/devel/arsdk/out/arsdk-native/staging/usr/include -std=gnu99 -pipe -g -O2 -fno-short-enums -ffunction-sections -DALCHEMY_BUILD -m64 -fPIC -msse -msse2 -mssse3  -isystem/home/sunho/bebop_ws/devel/arsdk/out/arsdk-native/staging/usr/include/x86_64-linux-gnu -isystem/home/sunho/bebop_ws/devel/arsdk/out/arsdk-native/staging/usr/include conftest.c >&5
configure:4572: $? = 0
configure:4599:  cc -c -isystem/home/sunho/bebop_ws/devel/arsdk/out/arsdk-native/staging/usr/include/x86_64-linux-gnu -isystem/home/sunho/bebop_ws/devel/arsdk/out/arsdk-native/staging/usr/include -std=gnu99 -pipe -g -O2 -fno-short-enums -ffunction-sections -DALCHEMY_BUILD -m64 -fPIC -msse -msse2 -mssse3  -isystem/home/sunho/bebop_ws/devel/arsdk/out/arsdk-native/staging/usr/include/x86_64-linux-gnu -isystem/home/sunho/bebop_ws/devel/arsdk/out/arsdk-native/staging/usr/include conftest.c >&5
conftest.c: In function 'main':
conftest.c:63:21: error: expected expression before ')' token
 if (sizeof ((size_t)))
                     ^
configure:4606: $? = 1
configure: failed program was:
| /* confdefs.h.  */
| #define PACKAGE_NAME "json-c"
| #define PACKAGE_TARNAME "json-c"
| #define PACKAGE_VERSION "0.9"
| #define PACKAGE_STRING "json-c 0.9"
| #define PACKAGE_BUGREPORT "michael@metaparadigm.com"
| #define PACKAGE "json-c"
| #define VERSION "0.9"
| #define STDC_HEADERS 1
| #define HAVE_SYS_TYPES_H 1
| #define HAVE_SYS_STAT_H 1
| #define HAVE_STDLIB_H 1
| #define HAVE_STRING_H 1
| #define HAVE_MEMORY_H 1
| #define HAVE_STRINGS_H 1
| #define HAVE_INTTYPES_H 1
| #define HAVE_STDINT_H 1
| #define HAVE_UNISTD_H 1
| #define HAVE_FCNTL_H 1
| #define HAVE_LIMITS_H 1
| #define HAVE_STRINGS_H 1
| #define HAVE_SYSLOG_H 1
| #define HAVE_UNISTD_H 1
| #define HAVE_SYS_PARAM_H 1
| #define HAVE_STDARG_H 1
| /* end confdefs.h.  */
| #include <stdio.h>
| #ifdef HAVE_SYS_TYPES_H
| # include <sys/types.h>
| #endif
| #ifdef HAVE_SYS_STAT_H
| # include <sys/stat.h>
| #endif
| #ifdef STDC_HEADERS
| # include <stdlib.h>
| # include <stddef.h>
| #else
| # ifdef HAVE_STDLIB_H
| #  include <stdlib.h>
| # endif
| #endif
| #ifdef HAVE_STRING_H
| # if !defined STDC_HEADERS && defined HAVE_MEMORY_H
| #  include <memory.h>
| # endif
| # include <string.h>
| #endif
| #ifdef HAVE_STRINGS_H
| # include <strings.h>
| #endif
| #ifdef HAVE_INTTYPES_H
| # include <inttypes.h>
| #endif
| #ifdef HAVE_STDINT_H
| # include <stdint.h>
| #endif
| #ifdef HAVE_UNISTD_H
| # include <unistd.h>
| #endif
| int
| main ()
| {
| if (sizeof ((size_t)))
| 	  return 0;
|   ;
|   return 0;
| }
configure:4629: result: yes
configure:4647: checking for vprintf
configure:4703:  cc -o conftest -isystem/home/sunho/bebop_ws/devel/arsdk/out/arsdk-native/staging/usr/include/x86_64-linux-gnu -isystem/home/sunho/bebop_ws/devel/arsdk/out/arsdk-native/staging/usr/include -std=gnu99 -pipe -g -O2 -fno-short-enums -ffunction-sections -DALCHEMY_BUILD -m64 -fPIC -msse -msse2 -mssse3  -isystem/home/sunho/bebop_ws/devel/arsdk/out/arsdk-native/staging/usr/include/x86_64-linux-gnu -isystem/home/sunho/bebop_ws/devel/arsdk/out/arsdk-native/staging/usr/include  -m64 -L/home/sunho/bebop_ws/devel/arsdk/out/arsdk-native/staging/lib/x86_64-linux-gnu -L/home/sunho/bebop_ws/devel/arsdk/out/arsdk-native/staging/lib -L/home/sunho/bebop_ws/devel/arsdk/out/arsdk-native/staging/usr/lib/x86_64-linux-gnu -L/home/sunho/bebop_ws/devel/arsdk/out/arsdk-native/staging/usr/lib -Wl,-rpath-link=/home/sunho/bebop_ws/devel/arsdk/out/arsdk-native/staging/lib/x86_64-linux-gnu -Wl,-rpath-link=/home/sunho/bebop_ws/devel/arsdk/out/arsdk-native/staging/lib -Wl,-rpath-link=/home/sunho/bebop_ws/devel/arsdk/out/arsdk-native/staging/usr/lib/x86_64-linux-gnu -Wl,-rpath-link=/home/sunho/bebop_ws/devel/arsdk/out/arsdk-native/staging/usr/lib  -pthread -lrt  conftest.c  >&5
conftest.c:50:6: warning: conflicting types for built-in function 'vprintf' [enabled by default]
 char vprintf ();
      ^
configure:4710: $? = 0
configure:4732: result: yes
configure:4741: checking for _doprnt
configure:4797:  cc -o conftest -isystem/home/sunho/bebop_ws/devel/arsdk/out/arsdk-native/staging/usr/include/x86_64-linux-gnu -isystem/home/sunho/bebop_ws/devel/arsdk/out/arsdk-native/staging/usr/include -std=gnu99 -pipe -g -O2 -fno-short-enums -ffunction-sections -DALCHEMY_BUILD -m64 -fPIC -msse -msse2 -mssse3  -isystem/home/sunho/bebop_ws/devel/arsdk/out/arsdk-native/staging/usr/include/x86_64-linux-gnu -isystem/home/sunho/bebop_ws/devel/arsdk/out/arsdk-native/staging/usr/include  -m64 -L/home/sunho/bebop_ws/devel/arsdk/out/arsdk-native/staging/lib/x86_64-linux-gnu -L/home/sunho/bebop_ws/devel/arsdk/out/arsdk-native/staging/lib -L/home/sunho/bebop_ws/devel/arsdk/out/arsdk-native/staging/usr/lib/x86_64-linux-gnu -L/home/sunho/bebop_ws/devel/arsdk/out/arsdk-native/staging/usr/lib -Wl,-rpath-link=/home/sunho/bebop_ws/devel/arsdk/out/arsdk-native/staging/lib/x86_64-linux-gnu -Wl,-rpath-link=/home/sunho/bebop_ws/devel/arsdk/out/arsdk-native/staging/lib -Wl,-rpath-link=/home/sunho/bebop_ws/devel/arsdk/out/arsdk-native/staging/usr/lib/x86_64-linux-gnu -Wl,-rpath-link=/home/sunho/bebop_ws/devel/arsdk/out/arsdk-native/staging/usr/lib  -pthread -lrt  conftest.c  >&5
/tmp/cc2UhR5E.o: In function `main':
/home/sunho/bebop_ws/devel/arsdk/out/arsdk-native/build/json/json-c-0.9/conftest.c:62: undefined reference to `_doprnt'
collect2: error: ld returned 1 exit status
configure:4804: $? = 1
configure: failed program was:
| /* confdefs.h.  */
| #define PACKAGE_NAME "json-c"
| #define PACKAGE_TARNAME "json-c"
| #define PACKAGE_VERSION "0.9"
| #define PACKAGE_STRING "json-c 0.9"
| #define PACKAGE_BUGREPORT "michael@metaparadigm.com"
| #define PACKAGE "json-c"
| #define VERSION "0.9"
| #define STDC_HEADERS 1
| #define HAVE_SYS_TYPES_H 1
| #define HAVE_SYS_STAT_H 1
| #define HAVE_STDLIB_H 1
| #define HAVE_STRING_H 1
| #define HAVE_MEMORY_H 1
| #define HAVE_STRINGS_H 1
| #define HAVE_INTTYPES_H 1
| #define HAVE_STDINT_H 1
| #define HAVE_UNISTD_H 1
| #define HAVE_FCNTL_H 1
| #define HAVE_LIMITS_H 1
| #define HAVE_STRINGS_H 1
| #define HAVE_SYSLOG_H 1
| #define HAVE_UNISTD_H 1
| #define HAVE_SYS_PARAM_H 1
| #define HAVE_STDARG_H 1
| #define HAVE_VPRINTF 1
| /* end confdefs.h.  */
| /* Define _doprnt to an innocuous variant, in case <limits.h> declares _doprnt.
|    For example, HP-UX 11i <limits.h> declares gettimeofday.  */
| #define _doprnt innocuous__doprnt
| 
| /* System header to define __stub macros and hopefully few prototypes,
|     which can conflict with char _doprnt (); below.
|     Prefer <limits.h> to <assert.h> if __STDC__ is defined, since
|     <limits.h> exists even on freestanding compilers.  */
| 
| #ifdef __STDC__
| # include <limits.h>
| #else
| # include <assert.h>
| #endif
| 
| #undef _doprnt
| 
| /* Override any GCC internal prototype to avoid an error.
|    Use char because int might match the return type of a GCC
|    builtin and then its argument prototype would still apply.  */
| #ifdef __cplusplus
| extern "C"
| #endif
| char _doprnt ();
| /* The GNU C library defines this for functions which it implements
|     to always fail with ENOSYS.  Some functions are actually named
|     something starting with __ and the normal name is an alias.  */
| #if defined __stub__doprnt || defined __stub____doprnt
| choke me
| #endif
| 
| int
| main ()
| {
| return _doprnt ();
|   ;
|   return 0;
| }
configure:4824: result: no
configure:4838: checking for working memcmp
configure:4891:  cc -o conftest -isystem/home/sunho/bebop_ws/devel/arsdk/out/arsdk-native/staging/usr/include/x86_64-linux-gnu -isystem/home/sunho/bebop_ws/devel/arsdk/out/arsdk-native/staging/usr/include -std=gnu99 -pipe -g -O2 -fno-short-enums -ffunction-sections -DALCHEMY_BUILD -m64 -fPIC -msse -msse2 -mssse3  -isystem/home/sunho/bebop_ws/devel/arsdk/out/arsdk-native/staging/usr/include/x86_64-linux-gnu -isystem/home/sunho/bebop_ws/devel/arsdk/out/arsdk-native/staging/usr/include  -m64 -L/home/sunho/bebop_ws/devel/arsdk/out/arsdk-native/staging/lib/x86_64-linux-gnu -L/home/sunho/bebop_ws/devel/arsdk/out/arsdk-native/staging/lib -L/home/sunho/bebop_ws/devel/arsdk/out/arsdk-native/staging/usr/lib/x86_64-linux-gnu -L/home/sunho/bebop_ws/devel/arsdk/out/arsdk-native/staging/usr/lib -Wl,-rpath-link=/home/sunho/bebop_ws/devel/arsdk/out/arsdk-native/staging/lib/x86_64-linux-gnu -Wl,-rpath-link=/home/sunho/bebop_ws/devel/arsdk/out/arsdk-native/staging/lib -Wl,-rpath-link=/home/sunho/bebop_ws/devel/arsdk/out/arsdk-native/staging/usr/lib/x86_64-linux-gnu -Wl,-rpath-link=/home/sunho/bebop_ws/devel/arsdk/out/arsdk-native/staging/usr/lib  -pthread -lrt  conftest.c  >&5
configure:4895: $? = 0
configure:4901: ./conftest
configure:4905: $? = 0
configure:4922: result: yes
configure:4936: checking for stdlib.h
configure:4943: result: yes
configure:5082: checking for GNU libc compatible malloc
configure:5147: result: yes
configure:5180: checking for stdlib.h
configure:5187: result: yes
configure:5326: checking for GNU libc compatible realloc
configure:5391: result: yes
configure:5429: checking for strndup
configure:5485:  cc -o conftest -isystem/home/sunho/bebop_ws/devel/arsdk/out/arsdk-native/staging/usr/include/x86_64-linux-gnu -isystem/home/sunho/bebop_ws/devel/arsdk/out/arsdk-native/staging/usr/include -std=gnu99 -pipe -g -O2 -fno-short-enums -ffunction-sections -DALCHEMY_BUILD -m64 -fPIC -msse -msse2 -mssse3  -isystem/home/sunho/bebop_ws/devel/arsdk/out/arsdk-native/staging/usr/include/x86_64-linux-gnu -isystem/home/sunho/bebop_ws/devel/arsdk/out/arsdk-native/staging/usr/include  -m64 -L/home/sunho/bebop_ws/devel/arsdk/out/arsdk-native/staging/lib/x86_64-linux-gnu -L/home/sunho/bebop_ws/devel/arsdk/out/arsdk-native/staging/lib -L/home/sunho/bebop_ws/devel/arsdk/out/arsdk-native/staging/usr/lib/x86_64-linux-gnu -L/home/sunho/bebop_ws/devel/arsdk/out/arsdk-native/staging/usr/lib -Wl,-rpath-link=/home/sunho/bebop_ws/devel/arsdk/out/arsdk-native/staging/lib/x86_64-linux-gnu -Wl,-rpath-link=/home/sunho/bebop_ws/devel/arsdk/out/arsdk-native/staging/lib -Wl,-rpath-link=/home/sunho/bebop_ws/devel/arsdk/out/arsdk-native/staging/usr/lib/x86_64-linux-gnu -Wl,-rpath-link=/home/sunho/bebop_ws/devel/arsdk/out/arsdk-native/staging/usr/lib  -pthread -lrt  conftest.c  >&5
conftest.c:55:6: warning: conflicting types for built-in function 'strndup' [enabled by default]
 char strndup ();
      ^
configure:5492: $? = 0
configure:5514: result: yes
configure:5429: checking for strerror
configure:5485:  cc -o conftest -isystem/home/sunho/bebop_ws/devel/arsdk/out/arsdk-native/staging/usr/include/x86_64-linux-gnu -isystem/home/sunho/bebop_ws/devel/arsdk/out/arsdk-native/staging/usr/include -std=gnu99 -pipe -g -O2 -fno-short-enums -ffunction-sections -DALCHEMY_BUILD -m64 -fPIC -msse -msse2 -mssse3  -isystem/home/sunho/bebop_ws/devel/arsdk/out/arsdk-native/staging/usr/include/x86_64-linux-gnu -isystem/home/sunho/bebop_ws/devel/arsdk/out/arsdk-native/staging/usr/include  -m64 -L/home/sunho/bebop_ws/devel/arsdk/out/arsdk-native/staging/lib/x86_64-linux-gnu -L/home/sunho/bebop_ws/devel/arsdk/out/arsdk-native/staging/lib -L/home/sunho/bebop_ws/devel/arsdk/out/arsdk-native/staging/usr/lib/x86_64-linux-gnu -L/home/sunho/bebop_ws/devel/arsdk/out/arsdk-native/staging/usr/lib -Wl,-rpath-link=/home/sunho/bebop_ws/devel/arsdk/out/arsdk-native/staging/lib/x86_64-linux-gnu -Wl,-rpath-link=/home/sunho/bebop_ws/devel/arsdk/out/arsdk-native/staging/lib -Wl,-rpath-link=/home/sunho/bebop_ws/devel/arsdk/out/arsdk-native/staging/usr/lib/x86_64-linux-gnu -Wl,-rpath-link=/home/sunho/bebop_ws/devel/arsdk/out/arsdk-native/staging/usr/lib  -pthread -lrt  conftest.c  >&5
configure:5492: $? = 0
configure:5514: result: yes
configure:5429: checking for vsnprintf
configure:5485:  cc -o conftest -isystem/home/sunho/bebop_ws/devel/arsdk/out/arsdk-native/staging/usr/include/x86_64-linux-gnu -isystem/home/sunho/bebop_ws/devel/arsdk/out/arsdk-native/staging/usr/include -std=gnu99 -pipe -g -O2 -fno-short-enums -ffunction-sections -DALCHEMY_BUILD -m64 -fPIC -msse -msse2 -mssse3  -isystem/home/sunho/bebop_ws/devel/arsdk/out/arsdk-native/staging/usr/include/x86_64-linux-gnu -isystem/home/sunho/bebop_ws/devel/arsdk/out/arsdk-native/staging/usr/include  -m64 -L/home/sunho/bebop_ws/devel/arsdk/out/arsdk-native/staging/lib/x86_64-linux-gnu -L/home/sunho/bebop_ws/devel/arsdk/out/arsdk-native/staging/lib -L/home/sunho/bebop_ws/devel/arsdk/out/arsdk-native/staging/usr/lib/x86_64-linux-gnu -L/home/sunho/bebop_ws/devel/arsdk/out/arsdk-native/staging/usr/lib -Wl,-rpath-link=/home/sunho/bebop_ws/devel/arsdk/out/arsdk-native/staging/lib/x86_64-linux-gnu -Wl,-rpath-link=/home/sunho/bebop_ws/devel/arsdk/out/arsdk-native/staging/lib -Wl,-rpath-link=/home/sunho/bebop_ws/devel/arsdk/out/arsdk-native/staging/usr/lib/x86_64-linux-gnu -Wl,-rpath-link=/home/sunho/bebop_ws/devel/arsdk/out/arsdk-native/staging/usr/lib  -pthread -lrt  conftest.c  >&5
conftest.c:57:6: warning: conflicting types for built-in function 'vsnprintf' [enabled by default]
 char vsnprintf ();
      ^
configure:5492: $? = 0
configure:5514: result: yes
configure:5429: checking for vasprintf
configure:5485:  cc -o conftest -isystem/home/sunho/bebop_ws/devel/arsdk/out/arsdk-native/staging/usr/include/x86_64-linux-gnu -isystem/home/sunho/bebop_ws/devel/arsdk/out/arsdk-native/staging/usr/include -std=gnu99 -pipe -g -O2 -fno-short-enums -ffunction-sections -DALCHEMY_BUILD -m64 -fPIC -msse -msse2 -mssse3  -isystem/home/sunho/bebop_ws/devel/arsdk/out/arsdk-native/staging/usr/include/x86_64-linux-gnu -isystem/home/sunho/bebop_ws/devel/arsdk/out/arsdk-native/staging/usr/include  -m64 -L/home/sunho/bebop_ws/devel/arsdk/out/arsdk-native/staging/lib/x86_64-linux-gnu -L/home/sunho/bebop_ws/devel/arsdk/out/arsdk-native/staging/lib -L/home/sunho/bebop_ws/devel/arsdk/out/arsdk-native/staging/usr/lib/x86_64-linux-gnu -L/home/sunho/bebop_ws/devel/arsdk/out/arsdk-native/staging/usr/lib -Wl,-rpath-link=/home/sunho/bebop_ws/devel/arsdk/out/arsdk-native/staging/lib/x86_64-linux-gnu -Wl,-rpath-link=/home/sunho/bebop_ws/devel/arsdk/out/arsdk-native/staging/lib -Wl,-rpath-link=/home/sunho/bebop_ws/devel/arsdk/out/arsdk-native/staging/usr/lib/x86_64-linux-gnu -Wl,-rpath-link=/home/sunho/bebop_ws/devel/arsdk/out/arsdk-native/staging/usr/lib  -pthread -lrt  conftest.c  >&5
configure:5492: $? = 0
configure:5514: result: yes
configure:5429: checking for open
configure:5485:  cc -o conftest -isystem/home/sunho/bebop_ws/devel/arsdk/out/arsdk-native/staging/usr/include/x86_64-linux-gnu -isystem/home/sunho/bebop_ws/devel/arsdk/out/arsdk-native/staging/usr/include -std=gnu99 -pipe -g -O2 -fno-short-enums -ffunction-sections -DALCHEMY_BUILD -m64 -fPIC -msse -msse2 -mssse3  -isystem/home/sunho/bebop_ws/devel/arsdk/out/arsdk-native/staging/usr/include/x86_64-linux-gnu -isystem/home/sunho/bebop_ws/devel/arsdk/out/arsdk-native/staging/usr/include  -m64 -L/home/sunho/bebop_ws/devel/arsdk/out/arsdk-native/staging/lib/x86_64-linux-gnu -L/home/sunho/bebop_ws/devel/arsdk/out/arsdk-native/staging/lib -L/home/sunho/bebop_ws/devel/arsdk/out/arsdk-native/staging/usr/lib/x86_64-linux-gnu -L/home/sunho/bebop_ws/devel/arsdk/out/arsdk-native/staging/usr/lib -Wl,-rpath-link=/home/sunho/bebop_ws/devel/arsdk/out/arsdk-native/staging/lib/x86_64-linux-gnu -Wl,-rpath-link=/home/sunho/bebop_ws/devel/arsdk/out/arsdk-native/staging/lib -Wl,-rpath-link=/home/sunho/bebop_ws/devel/arsdk/out/arsdk-native/staging/usr/lib/x86_64-linux-gnu -Wl,-rpath-link=/home/sunho/bebop_ws/devel/arsdk/out/arsdk-native/staging/usr/lib  -pthread -lrt  conftest.c  >&5
configure:5492: $? = 0
configure:5514: result: yes
configure:5429: checking for vsyslog
configure:5485:  cc -o conftest -isystem/home/sunho/bebop_ws/devel/arsdk/out/arsdk-native/staging/usr/include/x86_64-linux-gnu -isystem/home/sunho/bebop_ws/devel/arsdk/out/arsdk-native/staging/usr/include -std=gnu99 -pipe -g -O2 -fno-short-enums -ffunction-sections -DALCHEMY_BUILD -m64 -fPIC -msse -msse2 -mssse3  -isystem/home/sunho/bebop_ws/devel/arsdk/out/arsdk-native/staging/usr/include/x86_64-linux-gnu -isystem/home/sunho/bebop_ws/devel/arsdk/out/arsdk-native/staging/usr/include  -m64 -L/home/sunho/bebop_ws/devel/arsdk/out/arsdk-native/staging/lib/x86_64-linux-gnu -L/home/sunho/bebop_ws/devel/arsdk/out/arsdk-native/staging/lib -L/home/sunho/bebop_ws/devel/arsdk/out/arsdk-native/staging/usr/lib/x86_64-linux-gnu -L/home/sunho/bebop_ws/devel/arsdk/out/arsdk-native/staging/usr/lib -Wl,-rpath-link=/home/sunho/bebop_ws/devel/arsdk/out/arsdk-native/staging/lib/x86_64-linux-gnu -Wl,-rpath-link=/home/sunho/bebop_ws/devel/arsdk/out/arsdk-native/staging/lib -Wl,-rpath-link=/home/sunho/bebop_ws/devel/arsdk/out/arsdk-native/staging/usr/lib/x86_64-linux-gnu -Wl,-rpath-link=/home/sunho/bebop_ws/devel/arsdk/out/arsdk-native/staging/usr/lib  -pthread -lrt  conftest.c  >&5
configure:5492: $? = 0
configure:5514: result: yes
configure:5429: checking for strncasecmp
configure:5485:  cc -o conftest -isystem/home/sunho/bebop_ws/devel/arsdk/out/arsdk-native/staging/usr/include/x86_64-linux-gnu -isystem/home/sunho/bebop_ws/devel/arsdk/out/arsdk-native/staging/usr/include -std=gnu99 -pipe -g -O2 -fno-short-enums -ffunction-sections -DALCHEMY_BUILD -m64 -fPIC -msse -msse2 -mssse3  -isystem/home/sunho/bebop_ws/devel/arsdk/out/arsdk-native/staging/usr/include/x86_64-linux-gnu -isystem/home/sunho/bebop_ws/devel/arsdk/out/arsdk-native/staging/usr/include  -m64 -L/home/sunho/bebop_ws/devel/arsdk/out/arsdk-native/staging/lib/x86_64-linux-gnu -L/home/sunho/bebop_ws/devel/arsdk/out/arsdk-native/staging/lib -L/home/sunho/bebop_ws/devel/arsdk/out/arsdk-native/staging/usr/lib/x86_64-linux-gnu -L/home/sunho/bebop_ws/devel/arsdk/out/arsdk-native/staging/usr/lib -Wl,-rpath-link=/home/sunho/bebop_ws/devel/arsdk/out/arsdk-native/staging/lib/x86_64-linux-gnu -Wl,-rpath-link=/home/sunho/bebop_ws/devel/arsdk/out/arsdk-native/staging/lib -Wl,-rpath-link=/home/sunho/bebop_ws/devel/arsdk/out/arsdk-native/staging/usr/lib/x86_64-linux-gnu -Wl,-rpath-link=/home/sunho/bebop_ws/devel/arsdk/out/arsdk-native/staging/usr/lib  -pthread -lrt  conftest.c  >&5
conftest.c:61:6: warning: conflicting types for built-in function 'strncasecmp' [enabled by default]
 char strncasecmp ();
      ^
configure:5492: $? = 0
configure:5514: result: yes
configure:5558: checking build system type
configure:5576: result: x86_64-unknown-linux-gnu
configure:5598: checking host system type
configure:5613: result: x86_64-unknown-linux-gnu
configure:5635: checking for a sed that does not truncate output
configure:5701: result: /bin/sed
configure:5719: checking for fgrep
configure:5783: result: /bin/grep -F
configure:5818: checking for ld used by  cc
configure:5885: result: ld
configure:5894: checking if the linker (ld) is GNU ld
configure:5909: result: yes
configure:5921: checking for BSD- or MS-compatible name lister (nm)
configure:5970: result: nm
configure:6088: checking the name lister (nm) interface
configure:6066:  cc -c -isystem/home/sunho/bebop_ws/devel/arsdk/out/arsdk-native/staging/usr/include/x86_64-linux-gnu -isystem/home/sunho/bebop_ws/devel/arsdk/out/arsdk-native/staging/usr/include -std=gnu99 -pipe -g -O2 -fno-short-enums -ffunction-sections -DALCHEMY_BUILD -m64 -fPIC -msse -msse2 -mssse3  -isystem/home/sunho/bebop_ws/devel/arsdk/out/arsdk-native/staging/usr/include/x86_64-linux-gnu -isystem/home/sunho/bebop_ws/devel/arsdk/out/arsdk-native/staging/usr/include conftest.c >&5
configure:6069: nm "conftest.o"
configure:6072: output
0000000000000000 B some_variable
configure:6108: result: BSD nm
configure:6111: checking whether ln -s works
configure:6115: result: yes
configure:6123: checking the maximum length of command line arguments
configure:6243: result: 3458764513820540925
configure:6260: checking whether the shell understands some XSI constructs
configure:6270: result: yes
configure:6274: checking whether the shell understands "+="
configure:6280: result: yes
configure:6315: checking for ld option to reload object files
configure:6322: result: -r
configure:6391: checking for objdump
configure:6418: result: objdump
configure:6450: checking how to recognize dependent libraries
configure:6646: result: pass_all
configure:6706: checking for ar
configure:6733: result: ar
configure:6811: checking for strip
configure:6838: result: strip
configure:6910: checking for ranlib
configure:6937: result: ranlib
configure:7027: checking command to parse nm output from  cc object
configure:7145:  cc -c -isystem/home/sunho/bebop_ws/devel/arsdk/out/arsdk-native/staging/usr/include/x86_64-linux-gnu -isystem/home/sunho/bebop_ws/devel/arsdk/out/arsdk-native/staging/usr/include -std=gnu99 -pipe -g -O2 -fno-short-enums -ffunction-sections -DALCHEMY_BUILD -m64 -fPIC -msse -msse2 -mssse3  -isystem/home/sunho/bebop_ws/devel/arsdk/out/arsdk-native/staging/usr/include/x86_64-linux-gnu -isystem/home/sunho/bebop_ws/devel/arsdk/out/arsdk-native/staging/usr/include conftest.c >&5
configure:7148: $? = 0
configure:7152: nm conftest.o \| sed -n -e 's/^.*[	 ]\([ABCDGIRSTW][ABCDGIRSTW]*\)[	 ][	 ]*\([_A-Za-z][_A-Za-z0-9]*\)$/\1 \2 \2/p' \> conftest.nm
configure:7155: $? = 0
configure:7209:  cc -o conftest -isystem/home/sunho/bebop_ws/devel/arsdk/out/arsdk-native/staging/usr/include/x86_64-linux-gnu -isystem/home/sunho/bebop_ws/devel/arsdk/out/arsdk-native/staging/usr/include -std=gnu99 -pipe -g -O2 -fno-short-enums -ffunction-sections -DALCHEMY_BUILD -m64 -fPIC -msse -msse2 -mssse3  -isystem/home/sunho/bebop_ws/devel/arsdk/out/arsdk-native/staging/usr/include/x86_64-linux-gnu -isystem/home/sunho/bebop_ws/devel/arsdk/out/arsdk-native/staging/usr/include  -m64 -L/home/sunho/bebop_ws/devel/arsdk/out/arsdk-native/staging/lib/x86_64-linux-gnu -L/home/sunho/bebop_ws/devel/arsdk/out/arsdk-native/staging/lib -L/home/sunho/bebop_ws/devel/arsdk/out/arsdk-native/staging/usr/lib/x86_64-linux-gnu -L/home/sunho/bebop_ws/devel/arsdk/out/arsdk-native/staging/usr/lib -Wl,-rpath-link=/home/sunho/bebop_ws/devel/arsdk/out/arsdk-native/staging/lib/x86_64-linux-gnu -Wl,-rpath-link=/home/sunho/bebop_ws/devel/arsdk/out/arsdk-native/staging/lib -Wl,-rpath-link=/home/sunho/bebop_ws/devel/arsdk/out/arsdk-native/staging/usr/lib/x86_64-linux-gnu -Wl,-rpath-link=/home/sunho/bebop_ws/devel/arsdk/out/arsdk-native/staging/usr/lib  -pthread -lrt  conftest.c conftstm.o >&5
configure:7212: $? = 0
configure:7250: result: ok
configure:7345:  cc -c -isystem/home/sunho/bebop_ws/devel/arsdk/out/arsdk-native/staging/usr/include/x86_64-linux-gnu -isystem/home/sunho/bebop_ws/devel/arsdk/out/arsdk-native/staging/usr/include -std=gnu99 -pipe -g -O2 -fno-short-enums -ffunction-sections -DALCHEMY_BUILD -m64 -fPIC -msse -msse2 -mssse3  -isystem/home/sunho/bebop_ws/devel/arsdk/out/arsdk-native/staging/usr/include/x86_64-linux-gnu -isystem/home/sunho/bebop_ws/devel/arsdk/out/arsdk-native/staging/usr/include conftest.c >&5
configure:7348: $? = 0
configure:8115: checking for dlfcn.h
configure:8136:  cc -c -isystem/home/sunho/bebop_ws/devel/arsdk/out/arsdk-native/staging/usr/include/x86_64-linux-gnu -isystem/home/sunho/bebop_ws/devel/arsdk/out/arsdk-native/staging/usr/include -std=gnu99 -pipe -g -O2 -fno-short-enums -ffunction-sections -DALCHEMY_BUILD -m64 -fPIC -msse -msse2 -mssse3  -isystem/home/sunho/bebop_ws/devel/arsdk/out/arsdk-native/staging/usr/include/x86_64-linux-gnu -isystem/home/sunho/bebop_ws/devel/arsdk/out/arsdk-native/staging/usr/include conftest.c >&5
configure:8143: $? = 0
configure:8160: result: yes
configure:8346: checking for objdir
configure:8361: result: .libs
configure:8653: checking if  cc supports -fno-rtti -fno-exceptions
configure:8642:  cc -c -isystem/home/sunho/bebop_ws/devel/arsdk/out/arsdk-native/staging/usr/include/x86_64-linux-gnu -isystem/home/sunho/bebop_ws/devel/arsdk/out/arsdk-native/staging/usr/include -std=gnu99 -pipe -g -O2 -fno-short-enums -ffunction-sections -DALCHEMY_BUILD -m64 -fPIC -msse -msse2 -mssse3  -isystem/home/sunho/bebop_ws/devel/arsdk/out/arsdk-native/staging/usr/include/x86_64-linux-gnu -isystem/home/sunho/bebop_ws/devel/arsdk/out/arsdk-native/staging/usr/include -fno-rtti -fno-exceptions conftest.c >&5
cc1: warning: command line option '-fno-rtti' is valid for C++/ObjC++ but not for C [enabled by default]
configure:8646: $? = 0
configure:8688: result: no
configure:8708: checking for  cc option to produce PIC
configure:8980: result: -fPIC -DPIC
configure:8992: checking if  cc PIC flag -fPIC -DPIC works
configure:8981:  cc -c -isystem/home/sunho/bebop_ws/devel/arsdk/out/arsdk-native/staging/usr/include/x86_64-linux-gnu -isystem/home/sunho/bebop_ws/devel/arsdk/out/arsdk-native/staging/usr/include -std=gnu99 -pipe -g -O2 -fno-short-enums -ffunction-sections -DALCHEMY_BUILD -m64 -fPIC -msse -msse2 -mssse3  -isystem/home/sunho/bebop_ws/devel/arsdk/out/arsdk-native/staging/usr/include/x86_64-linux-gnu -isystem/home/sunho/bebop_ws/devel/arsdk/out/arsdk-native/staging/usr/include -fPIC -DPIC -DPIC conftest.c >&5
configure:8985: $? = 0
configure:9027: result: yes
configure:9051: checking if  cc static flag -static works
configure:9079: result: yes
configure:9094: checking if  cc supports -c -o file.o
configure:9086:  cc -c -isystem/home/sunho/bebop_ws/devel/arsdk/out/arsdk-native/staging/usr/include/x86_64-linux-gnu -isystem/home/sunho/bebop_ws/devel/arsdk/out/arsdk-native/staging/usr/include -std=gnu99 -pipe -g -O2 -fno-short-enums -ffunction-sections -DALCHEMY_BUILD -m64 -fPIC -msse -msse2 -mssse3  -isystem/home/sunho/bebop_ws/devel/arsdk/out/arsdk-native/staging/usr/include/x86_64-linux-gnu -isystem/home/sunho/bebop_ws/devel/arsdk/out/arsdk-native/staging/usr/include -o out/conftest2.o conftest.c >&5
configure:9090: $? = 0
configure:9141: result: yes
configure:9149: checking if  cc supports -c -o file.o
configure:9196: result: yes
configure:9229: checking whether the  cc linker (ld -m elf_x86_64) supports shared libraries
configure:10304: result: yes
configure:10341: checking whether -lc should be explicitly linked in
configure:10346:  cc -c -isystem/home/sunho/bebop_ws/devel/arsdk/out/arsdk-native/staging/usr/include/x86_64-linux-gnu -isystem/home/sunho/bebop_ws/devel/arsdk/out/arsdk-native/staging/usr/include -std=gnu99 -pipe -g -O2 -fno-short-enums -ffunction-sections -DALCHEMY_BUILD -m64 -fPIC -msse -msse2 -mssse3  -isystem/home/sunho/bebop_ws/devel/arsdk/out/arsdk-native/staging/usr/include/x86_64-linux-gnu -isystem/home/sunho/bebop_ws/devel/arsdk/out/arsdk-native/staging/usr/include conftest.c >&5
configure:10349: $? = 0
configure:10364:  cc -shared conftest.o  -v -Wl,-soname -Wl,conftest -o conftest 2\>\&1 \| /bin/grep  -lc  \>/dev/null 2\>\&1
configure:10367: $? = 0
configure:10379: result: no
configure:10543: checking dynamic linker characteristics
configure:10986:  cc -o conftest -isystem/home/sunho/bebop_ws/devel/arsdk/out/arsdk-native/staging/usr/include/x86_64-linux-gnu -isystem/home/sunho/bebop_ws/devel/arsdk/out/arsdk-native/staging/usr/include -std=gnu99 -pipe -g -O2 -fno-short-enums -ffunction-sections -DALCHEMY_BUILD -m64 -fPIC -msse -msse2 -mssse3  -isystem/home/sunho/bebop_ws/devel/arsdk/out/arsdk-native/staging/usr/include/x86_64-linux-gnu -isystem/home/sunho/bebop_ws/devel/arsdk/out/arsdk-native/staging/usr/include  -m64 -L/home/sunho/bebop_ws/devel/arsdk/out/arsdk-native/staging/lib/x86_64-linux-gnu -L/home/sunho/bebop_ws/devel/arsdk/out/arsdk-native/staging/lib -L/home/sunho/bebop_ws/devel/arsdk/out/arsdk-native/staging/usr/lib/x86_64-linux-gnu -L/home/sunho/bebop_ws/devel/arsdk/out/arsdk-native/staging/usr/lib -Wl,-rpath-link=/home/sunho/bebop_ws/devel/arsdk/out/arsdk-native/staging/lib/x86_64-linux-gnu -Wl,-rpath-link=/home/sunho/bebop_ws/devel/arsdk/out/arsdk-native/staging/lib -Wl,-rpath-link=/home/sunho/bebop_ws/devel/arsdk/out/arsdk-native/staging/usr/lib/x86_64-linux-gnu -Wl,-rpath-link=/home/sunho/bebop_ws/devel/arsdk/out/arsdk-native/staging/usr/lib  -pthread -lrt  -Wl,-rpath -Wl,/foo conftest.c  >&5
configure:10993: $? = 0
configure:11238: result: GNU/Linux ld.so
configure:11340: checking how to hardcode library paths into programs
configure:11365: result: immediate
configure:12198: checking whether stripping libraries is possible
configure:12203: result: yes
configure:12238: checking if libtool supports shared libraries
configure:12240: result: yes
configure:12243: checking whether to build shared libraries
configure:12264: result: yes
configure:12267: checking whether to build static libraries
configure:12271: result: yes
configure:12432: creating ./config.status

## ---------------------- ##
## Running config.status. ##
## ---------------------- ##

This file was extended by json-c config.status 0.9, which was
generated by GNU Autoconf 2.63.  Invocation command line was

  CONFIG_FILES    = 
  CONFIG_HEADERS  = 
  CONFIG_LINKS    = 
  CONFIG_COMMANDS = 
  $ ./config.status --quiet

on sunho-pc

config.status:1010: creating Makefile
config.status:1010: creating json.pc
config.status:1010: creating config.h
config.status:1284: executing depfiles commands
config.status:1284: executing libtool commands

## ---------------- ##
## Cache variables. ##
## ---------------- ##

ac_cv_build=x86_64-unknown-linux-gnu
ac_cv_c_compiler_gnu=yes
ac_cv_c_const=yes
ac_cv_env_CC_set=set
ac_cv_env_CC_value=' cc'
ac_cv_env_CFLAGS_set=set
ac_cv_env_CFLAGS_value='-isystem/home/sunho/bebop_ws/devel/arsdk/out/arsdk-native/staging/usr/include/x86_64-linux-gnu -isystem/home/sunho/bebop_ws/devel/arsdk/out/arsdk-native/staging/usr/include -std=gnu99 -pipe -g -O2 -fno-short-enums -ffunction-sections -DALCHEMY_BUILD -m64 -fPIC -msse -msse2 -mssse3 '
ac_cv_env_CPPFLAGS_set=set
ac_cv_env_CPPFLAGS_value='-isystem/home/sunho/bebop_ws/devel/arsdk/out/arsdk-native/staging/usr/include/x86_64-linux-gnu -isystem/home/sunho/bebop_ws/devel/arsdk/out/arsdk-native/staging/usr/include'
ac_cv_env_CPP_set=set
ac_cv_env_CPP_value=cpp
ac_cv_env_LDFLAGS_set=set
ac_cv_env_LDFLAGS_value=' -m64 -L/home/sunho/bebop_ws/devel/arsdk/out/arsdk-native/staging/lib/x86_64-linux-gnu -L/home/sunho/bebop_ws/devel/arsdk/out/arsdk-native/staging/lib -L/home/sunho/bebop_ws/devel/arsdk/out/arsdk-native/staging/usr/lib/x86_64-linux-gnu -L/home/sunho/bebop_ws/devel/arsdk/out/arsdk-native/staging/usr/lib -Wl,-rpath-link=/home/sunho/bebop_ws/devel/arsdk/out/arsdk-native/staging/lib/x86_64-linux-gnu -Wl,-rpath-link=/home/sunho/bebop_ws/devel/arsdk/out/arsdk-native/staging/lib -Wl,-rpath-link=/home/sunho/bebop_ws/devel/arsdk/out/arsdk-native/staging/usr/lib/x86_64-linux-gnu -Wl,-rpath-link=/home/sunho/bebop_ws/devel/arsdk/out/arsdk-native/staging/usr/lib  -pthread -lrt '
ac_cv_env_LIBS_set=
ac_cv_env_LIBS_value=
ac_cv_env_build_alias_set=
ac_cv_env_build_alias_value=
ac_cv_env_host_alias_set=
ac_cv_env_host_alias_value=
ac_cv_env_target_alias_set=
ac_cv_env_target_alias_value=
ac_cv_func__doprnt=no
ac_cv_func_malloc_0_nonnull=yes
ac_cv_func_memcmp_working=yes
ac_cv_func_open=yes
ac_cv_func_realloc_0_nonnull=yes
ac_cv_func_strerror=yes
ac_cv_func_strncasecmp=yes
ac_cv_func_strndup=yes
ac_cv_func_vasprintf=yes
ac_cv_func_vprintf=yes
ac_cv_func_vsnprintf=yes
ac_cv_func_vsyslog=yes
ac_cv_header_dlfcn_h=yes
ac_cv_header_fcntl_h=yes
ac_cv_header_inttypes_h=yes
ac_cv_header_limits_h=yes
ac_cv_header_memory_h=yes
ac_cv_header_stdarg_h=yes
ac_cv_header_stdc=yes
ac_cv_header_stdint_h=yes
ac_cv_header_stdlib_h=yes
ac_cv_header_string_h=yes
ac_cv_header_strings_h=yes
ac_cv_header_sys_param_h=yes
ac_cv_header_sys_stat_h=yes
ac_cv_header_sys_types_h=yes
ac_cv_header_syslog_h=yes
ac_cv_header_unistd_h=yes
ac_cv_host=x86_64-unknown-linux-gnu
ac_cv_objext=o
ac_cv_path_EGREP='/bin/grep -E'
ac_cv_path_FGREP='/bin/grep -F'
ac_cv_path_GREP=/bin/grep
ac_cv_path_SED=/bin/sed
ac_cv_path_mkdir=/bin/mkdir
ac_cv_prog_AWK=mawk
ac_cv_prog_CPP=cpp
ac_cv_prog_YACC=
ac_cv_prog_ac_ct_AR=ar
ac_cv_prog_ac_ct_CC=' cc'
ac_cv_prog_ac_ct_OBJDUMP=objdump
ac_cv_prog_ac_ct_RANLIB=ranlib
ac_cv_prog_ac_ct_STRIP=strip
ac_cv_prog_cc_c89=
ac_cv_prog_cc_g=yes
ac_cv_prog_make_make_set=yes
ac_cv_type_size_t=yes
am_cv_CC_dependencies_compiler_type=gcc3
lt_cv_deplibs_check_method=pass_all
lt_cv_file_magic_cmd='$MAGIC_CMD'
lt_cv_file_magic_test_file=
lt_cv_ld_reload_flag=-r
lt_cv_nm_interface='BSD nm'
lt_cv_objdir=.libs
lt_cv_path_LD=ld
lt_cv_path_NM=nm
lt_cv_prog_compiler_c_o=yes
lt_cv_prog_compiler_pic_works=yes
lt_cv_prog_compiler_rtti_exceptions=no
lt_cv_prog_compiler_static_works=yes
lt_cv_prog_gnu_ld=yes
lt_cv_sys_global_symbol_pipe='sed -n -e '\''s/^.*[	 ]\([ABCDGIRSTW][ABCDGIRSTW]*\)[	 ][	 ]*\([_A-Za-z][_A-Za-z0-9]*\)$/\1 \2 \2/p'\'''
lt_cv_sys_global_symbol_to_c_name_address='sed -n -e '\''s/^: \([^ ]*\) $/  {\"\1\", (void *) 0},/p'\'' -e '\''s/^[ABCDGIRSTW]* \([^ ]*\) \([^ ]*\)$/  {"\2", (void *) \&\2},/p'\'''
lt_cv_sys_global_symbol_to_c_name_address_lib_prefix='sed -n -e '\''s/^: \([^ ]*\) $/  {\"\1\", (void *) 0},/p'\'' -e '\''s/^[ABCDGIRSTW]* \([^ ]*\) \(lib[^ ]*\)$/  {"\2", (void *) \&\2},/p'\'' -e '\''s/^[ABCDGIRSTW]* \([^ ]*\) \([^ ]*\)$/  {"lib\2", (void *) \&\2},/p'\'''
lt_cv_sys_global_symbol_to_cdecl='sed -n -e '\''s/^T .* \(.*\)$/extern int \1();/p'\'' -e '\''s/^[ABCDGIRSTW]* .* \(.*\)$/extern char \1;/p'\'''
lt_cv_sys_max_cmd_len=3458764513820540925

## ----------------- ##
## Output variables. ##
## ----------------- ##

ACLOCAL='${SHELL} /home/sunho/bebop_ws/devel/arsdk/out/arsdk-native/build/json/json-c-0.9/missing --run aclocal-1.10'
AMDEPBACKSLASH='\'
AMDEP_FALSE='#'
AMDEP_TRUE=''
AMTAR='${SHELL} /home/sunho/bebop_ws/devel/arsdk/out/arsdk-native/build/json/json-c-0.9/missing --run tar'
AR='ar'
AUTOCONF='${SHELL} /home/sunho/bebop_ws/devel/arsdk/out/arsdk-native/build/json/json-c-0.9/missing --run autoconf'
AUTOHEADER='${SHELL} /home/sunho/bebop_ws/devel/arsdk/out/arsdk-native/build/json/json-c-0.9/missing --run autoheader'
AUTOMAKE='${SHELL} /home/sunho/bebop_ws/devel/arsdk/out/arsdk-native/build/json/json-c-0.9/missing --run automake-1.10'
AWK='mawk'
CC=' cc'
CCDEPMODE='depmode=gcc3'
CFLAGS='-isystem/home/sunho/bebop_ws/devel/arsdk/out/arsdk-native/staging/usr/include/x86_64-linux-gnu -isystem/home/sunho/bebop_ws/devel/arsdk/out/arsdk-native/staging/usr/include -std=gnu99 -pipe -g -O2 -fno-short-enums -ffunction-sections -DALCHEMY_BUILD -m64 -fPIC -msse -msse2 -mssse3 '
CPP='cpp'
CPPFLAGS='-isystem/home/sunho/bebop_ws/devel/arsdk/out/arsdk-native/staging/usr/include/x86_64-linux-gnu -isystem/home/sunho/bebop_ws/devel/arsdk/out/arsdk-native/staging/usr/include'
CYGPATH_W='echo'
DEFS='-DHAVE_CONFIG_H'
DEPDIR='.deps'
DSYMUTIL=''
DUMPBIN=''
ECHO_C=''
ECHO_N='-n'
ECHO_T=''
EGREP='/bin/grep -E'
EXEEXT=''
FGREP='/bin/grep -F'
GREP='/bin/grep'
INSTALL_DATA='${INSTALL} -m 644'
INSTALL_PROGRAM='${INSTALL}'
INSTALL_SCRIPT='${INSTALL}'
INSTALL_STRIP_PROGRAM='$(install_sh) -c -s'
LD='ld -m elf_x86_64'
LDFLAGS=' -m64 -L/home/sunho/bebop_ws/devel/arsdk/out/arsdk-native/staging/lib/x86_64-linux-gnu -L/home/sunho/bebop_ws/devel/arsdk/out/arsdk-native/staging/lib -L/home/sunho/bebop_ws/devel/arsdk/out/arsdk-native/staging/usr/lib/x86_64-linux-gnu -L/home/sunho/bebop_ws/devel/arsdk/out/arsdk-native/staging/usr/lib -Wl,-rpath-link=/home/sunho/bebop_ws/devel/arsdk/out/arsdk-native/staging/lib/x86_64-linux-gnu -Wl,-rpath-link=/home/sunho/bebop_ws/devel/arsdk/out/arsdk-native/staging/lib -Wl,-rpath-link=/home/sunho/bebop_ws/devel/arsdk/out/arsdk-native/staging/usr/lib/x86_64-linux-gnu -Wl,-rpath-link=/home/sunho/bebop_ws/devel/arsdk/out/arsdk-native/staging/usr/lib  -pthread -lrt '
LIBOBJS=''
LIBS=''
LIBTOOL='$(SHELL) $(top_builddir)/libtool'
LIPO=''
LN_S='ln -s'
LTLIBOBJS=''
MAINT='#'
MAINTAINER_MODE_FALSE=''
MAINTAINER_MODE_TRUE='#'
MAKEINFO='${SHELL} /home/sunho/bebop_ws/devel/arsdk/out/arsdk-native/build/json/json-c-0.9/missing --run makeinfo'
MKDIR_P='/bin/mkdir -p'
NM='nm'
NMEDIT=''
OBJDUMP='objdump'
OBJEXT='o'
OTOOL64=''
OTOOL=''
PACKAGE='json-c'
PACKAGE_BUGREPORT='michael@metaparadigm.com'
PACKAGE_NAME='json-c'
PACKAGE_STRING='json-c 0.9'
PACKAGE_TARNAME='json-c'
PACKAGE_VERSION='0.9'
PATH_SEPARATOR=':'
RANLIB='ranlib'
SED='/bin/sed'
SET_MAKE=''
SHELL='/bin/bash'
STRIP='strip'
VERSION='0.9'
ac_ct_CC=' cc'
ac_ct_DUMPBIN=''
am__fastdepCC_FALSE='#'
am__fastdepCC_TRUE=''
am__include='include'
am__isrc=''
am__leading_dot='.'
am__quote=''
am__tar='${AMTAR} chof - "$$tardir"'
am__untar='${AMTAR} xf -'
bindir='${exec_prefix}/bin'
build='x86_64-unknown-linux-gnu'
build_alias=''
build_cpu='x86_64'
build_os='linux-gnu'
build_vendor='unknown'
datadir='${datarootdir}'
datarootdir='${prefix}/share'
docdir='${datarootdir}/doc/${PACKAGE_TARNAME}'
dvidir='${docdir}'
exec_prefix='${prefix}'
host='x86_64-unknown-linux-gnu'
host_alias=''
host_cpu='x86_64'
host_os='linux-gnu'
host_vendor='unknown'
htmldir='${docdir}'
includedir='${prefix}/include'
infodir='${datarootdir}/info'
install_sh='$(SHELL) /home/sunho/bebop_ws/devel/arsdk/out/arsdk-native/build/json/json-c-0.9/install-sh'
libdir='${exec_prefix}/lib'
libexecdir='${exec_prefix}/libexec'
localedir='${datarootdir}/locale'
localstatedir='${prefix}/var'
lt_ECHO='echo'
mandir='${datarootdir}/man'
mkdir_p='/bin/mkdir -p'
oldincludedir='/usr/include'
pdfdir='${docdir}'
prefix='/home/sunho/bebop_ws/devel/arsdk/out/arsdk-native/staging/usr'
program_transform_name='s,x,x,'
psdir='${docdir}'
sbindir='${exec_prefix}/sbin'
sharedstatedir='${prefix}/com'
sysconfdir='/home/sunho/bebop_ws/devel/arsdk/out/arsdk-native/staging/etc'
target_alias=''

## ----------- ##
## confdefs.h. ##
## ----------- ##

#define PACKAGE_NAME "json-c"
#define PACKAGE_TARNAME "json-c"
#define PACKAGE_VERSION "0.9"
#define PACKAGE_STRING "json-c 0.9"
#define PACKAGE_BUGREPORT "michael@metaparadigm.com"
#define PACKAGE "json-c"
#define VERSION "0.9"
#define STDC_HEADERS 1
#define HAVE_SYS_TYPES_H 1
#define HAVE_SYS_STAT_H 1
#define HAVE_STDLIB_H 1
#define HAVE_STRING_H 1
#define HAVE_MEMORY_H 1
#define HAVE_STRINGS_H 1
#define HAVE_INTTYPES_H 1
#define HAVE_STDINT_H 1
#define HAVE_UNISTD_H 1
#define HAVE_FCNTL_H 1
#define HAVE_LIMITS_H 1
#define HAVE_STRINGS_H 1
#define HAVE_SYSLOG_H 1
#define HAVE_UNISTD_H 1
#define HAVE_SYS_PARAM_H 1
#define HAVE_STDARG_H 1
#define HAVE_VPRINTF 1
#define HAVE_STDLIB_H 1
#define HAVE_MALLOC 1
#define HAVE_STDLIB_H 1
#define HAVE_REALLOC 1
#define HAVE_STRNDUP 1
#define HAVE_STRERROR 1
#define HAVE_VSNPRINTF 1
#define HAVE_VASPRINTF 1
#define HAVE_OPEN 1
#define HAVE_VSYSLOG 1
#define HAVE_STRNCASECMP 1
#define HAVE_DLFCN_H 1
#define LT_OBJDIR ".libs/"

configure: exit 0
